<?xml version="1.0" encoding="UTF-8"?>
<!-- Generated by org.testng.reporters.JUnitReportReporter -->
<testsuite hostname="MacBook-Pro-cua-Thang.local" failures="0" tests="1" name="demo.com.runners.TestRunner" time="67.707" errors="0" timestamp="2023-07-27T17:10:20 ICT" skipped="0">
  <testcase classname="demo.com.runners.TestRunner" name="runScenario" time="67.707"/>
</testsuite> <!-- demo.com.runners.TestRunner -->
